[+] Containers:
 |- [+] Container: /Game/ThirdPerson/Maps/ThirdPersonMap
 |   |- [+] ActorDescs:
 |   |   |- Guid:01CBFC3C4C982F783AE2F38C2B33DCDD BaseClass:/Game/CIGATotal/Item/BP_FoodSpawner.BP_FoodSpawner_C NativeClass:/Script/Engine.Actor Name:BP_FoodSpawner_C_UAID_047C16AAE584510602_1948452096 Label:BP_FoodSpawner6 SpatiallyLoaded:1 Bounds:IsValid=true, Min=(X=11150.000 Y=190.000 Z=850.000), Max=(X=11150.000 Y=190.000 Z=850.000) RuntimeGrid:None EditorOnly:0 RuntimeOnly:0 HLODRelevant:0
 |   |   |- Guid:0433D132453F2200B3510B876D307F79 BaseClass:/Game/CIGATotal/Item/BP_FoodSpawner.BP_FoodSpawner_C NativeClass:/Script/Engine.Actor Name:BP_FoodSpawner_C_UAID_047C16AAE584510602_1853499094 Label:BP_FoodSpawner4 SpatiallyLoaded:1 Bounds:IsValid=true, Min=(X=2390.000 Y=-640.000 Z=850.000), Max=(X=2390.000 Y=-640.000 Z=850.000) RuntimeGrid:None EditorOnly:0 RuntimeOnly:0 HLODRelevant:0
 |   |   |- Guid:0755560E429B4734F68D559F6EAE84A8 BaseClass: NativeClass:/Script/Paper2D.PaperTileMapActor Name:PaperTileMapActor_UAID_047C16AAE5844E0602_1907218559 Label:Map3Test SpatiallyLoaded:1 Bounds:IsValid=true, Min=(X=370.000 Y=-7430.000 Z=668.000), Max=(X=13170.000 Y=-230.000 Z=672.000) RuntimeGrid:None EditorOnly:0 RuntimeOnly:0 HLODRelevant:0
 |   |   |- Guid:19B973BA4023F5B934E63EA055D9CAD6 BaseClass:/Game/CIGATotal/Map/TestUseMap/Board.Board_C NativeClass:/Script/Engine.Actor Name:Board_C_UAID_047C16AAE584510602_1681340088 Label:Board6 SpatiallyLoaded:1 Bounds:IsValid=true, Min=(X=1991.250 Y=-1008.750 Z=550.000), Max=(X=2748.750 Y=-251.250 Z=797.500) RuntimeGrid:None EditorOnly:0 RuntimeOnly:0 HLODRelevant:0
 |   |   |- Guid:1D3157C445B1B416B70524817AEB470F BaseClass:/Game/CIGATotal/Map/TestUseMap/Board.Board_C NativeClass:/Script/Engine.Actor Name:Board_C_UAID_047C16AAE584500602_1952129914 Label:Board2 SpatiallyLoaded:1 Bounds:IsValid=true, Min=(X=3571.250 Y=591.250 Z=550.000), Max=(X=4328.750 Y=1348.750 Z=797.500) RuntimeGrid:None EditorOnly:0 RuntimeOnly:0 HLODRelevant:0
 |   |   |- Guid:1F7402D845B79BFB100F12A957FB1FE6 BaseClass:/Game/CIGATotal/BP_LevelManager.BP_LevelManager_C NativeClass:/Script/Engine.Actor Name:BP_LevelManager_C_UAID_4CD71744A1AFF00502_1085249017 Label:BP_LevelManager SpatiallyLoaded:1 Bounds:IsValid=true, Min=(X=3220.000 Y=5730.000 Z=4250.000), Max=(X=3220.000 Y=5730.000 Z=4250.000) RuntimeGrid:None EditorOnly:0 RuntimeOnly:0 HLODRelevant:0
 |   |   |- Guid:2BF671C849909C846CA16A9A97B313FE BaseClass:/Game/CIGATotal/ConveyerBelt/BP_ConveyerBelt.BP_ConveyerBelt_C NativeClass:/Script/Engine.Actor Name:BP_ConveyerBelt_C_UAID_08BFB8C0262F020602_2080669183 Label:BP_ConveyerBelt SpatiallyLoaded:1 Bounds:IsValid=true, Min=(X=-14280.000 Y=-5875.000 Z=852.000), Max=(X=25720.000 Y=-4312.000 Z=1109.000) RuntimeGrid:None EditorOnly:0 RuntimeOnly:0 HLODRelevant:0
 |   |   |- Guid:2FB58999456391D349DC0F86DAC136ED BaseClass: NativeClass:/Script/Engine.SkyLight Name:SkyLight_1 Label:SkyLight SpatiallyLoaded:0 Bounds:IsValid=true, Min=(X=-3610.000 Y=0.000 Z=690.000), Max=(X=-3610.000 Y=0.000 Z=690.000) RuntimeGrid:None EditorOnly:0 RuntimeOnly:0 HLODRelevant:0 FolderPath:Lighting FolderGuid:963EC3EB4002CCE9759E2EBA541A873A
 |   |   |- Guid:30022D4F484EB0CF9667489FA1C1A9AB BaseClass: NativeClass:/Script/Engine.BlockingVolume Name:BlockingVolume_UAID_047C16AAE584020602_1965954184 Label:BlockingVolume2 SpatiallyLoaded:1 Bounds:IsValid=true, Min=(X=270.000 Y=-7445.000 Z=540.000), Max=(X=13270.000 Y=1405.000 Z=740.000) RuntimeGrid:None EditorOnly:0 RuntimeOnly:0 HLODRelevant:0
 |   |   |- Guid:306651984C60A70EEEE905A9EA821F9C BaseClass:/Game/CIGATotal/Others/BP_ConveySpawner.BP_ConveySpawner_C NativeClass:/Script/Engine.Actor Name:BP_ConveySpawner_C_UAID_DC462856FC83530602_1643575439 Label:BP_ConveySpawner SpatiallyLoaded:1 Bounds:IsValid=true, Min=(X=13150.000 Y=-1790.000 Z=890.000), Max=(X=13150.000 Y=-1790.000 Z=890.000) RuntimeGrid:None EditorOnly:0 RuntimeOnly:0 HLODRelevant:0
 |   |   |- Guid:316CF2A6494ACA4C0E4180A87D36AB8F BaseClass: NativeClass:/Script/Engine.ExponentialHeightFog Name:ExponentialHeightFog_0 Label:ExponentialHeightFog SpatiallyLoaded:0 Bounds:IsValid=true, Min=(X=-9480.000 Y=-50.000 Z=-6850.000), Max=(X=-9480.000 Y=-50.000 Z=-6850.000) RuntimeGrid:None EditorOnly:0 RuntimeOnly:0 HLODRelevant:0 FolderPath:Lighting FolderGuid:963EC3EB4002CCE9759E2EBA541A873A
 |   |   |- Guid:32638CF14E3408503D2BBDB2F2D1E7D0 BaseClass:/Game/CIGATotal/Map/TestUseMap/Board.Board_C NativeClass:/Script/Engine.Actor Name:Board_C_UAID_047C16AAE584510602_1741918089 Label:Board7 SpatiallyLoaded:1 Bounds:IsValid=true, Min=(X=5981.250 Y=-208.750 Z=550.000), Max=(X=6738.750 Y=548.750 Z=797.500) RuntimeGrid:None EditorOnly:0 RuntimeOnly:0 HLODRelevant:0
 |   |   |- Guid:3A00AA1C422CE54C0BDB60BAF471BFBB BaseClass: NativeClass:/Script/Engine.PlayerStart Name:PlayerStart_0 Label:PlayerStart SpatiallyLoaded:0 Bounds:IsValid=true, Min=(X=8000.000 Y=-6710.000 Z=740.013), Max=(X=8080.000 Y=-6630.000 Z=924.013) RuntimeGrid:None EditorOnly:0 RuntimeOnly:0 HLODRelevant:0
 |   |   |- Guid:3F6D3C6B4706C1CFE536AC8A4CAB2F80 BaseClass:/Game/CIGATotal/Item/BP_FoodSpawner.BP_FoodSpawner_C NativeClass:/Script/Engine.Actor Name:BP_FoodSpawner_C_UAID_4CD71744A1AFEE0502_1360925663 Label:BP_FoodSpawner2 SpatiallyLoaded:1 Bounds:IsValid=true, Min=(X=3960.000 Y=960.000 Z=850.000), Max=(X=3960.000 Y=960.000 Z=850.000) RuntimeGrid:None EditorOnly:0 RuntimeOnly:0 HLODRelevant:0
 |   |   |- Guid:415DDBF14AC34CF80AA8D2BDF6F30413 BaseClass:/Game/CIGATotal/Obstacles/BP_ObstalcesSpawner.BP_ObstalcesSpawner_C NativeClass:/Script/Engine.Actor Name:BP_ObstalcesSpawner_C_UAID_047C16AAE584570602_2094790143 Label:BP_ObstalcesSpawner2 SpatiallyLoaded:1 Bounds:IsValid=true, Min=(X=7310.000 Y=-3410.000 Z=2990.000), Max=(X=7310.000 Y=-3410.000 Z=2990.000) RuntimeGrid:None EditorOnly:0 RuntimeOnly:0 HLODRelevant:0
 |   |   |- Guid:4D3BE93F4146AAAC8BBE79999D96D57F BaseClass: NativeClass:/Script/Engine.VolumetricCloud Name:VolumetricCloud_0 Label:VolumetricCloud SpatiallyLoaded:0 Bounds:IsValid=true, Min=(X=-3570.000 Y=0.000 Z=820.000), Max=(X=-3570.000 Y=0.000 Z=820.000) RuntimeGrid:None EditorOnly:0 RuntimeOnly:0 HLODRelevant:0 FolderPath:Lighting FolderGuid:963EC3EB4002CCE9759E2EBA541A873A
 |   |   |- Guid:4D9C622940C4189336E8209F38B649AA BaseClass:/Game/CIGATotal/Item/BP_FoodSpawner.BP_FoodSpawner_C NativeClass:/Script/Engine.Actor Name:BP_FoodSpawner_C_UAID_047C16AAE584510602_1973243097 Label:BP_FoodSpawner7 SpatiallyLoaded:1 Bounds:IsValid=true, Min=(X=7150.000 Y=970.000 Z=850.000), Max=(X=7150.000 Y=970.000 Z=850.000) RuntimeGrid:None EditorOnly:0 RuntimeOnly:0 HLODRelevant:0
 |   |   |- Guid:582CC2A7464B26515A464A8DCFDECC09 BaseClass:/Game/CIGATotal/Map/TestUseMap/Board.Board_C NativeClass:/Script/Engine.Actor Name:Board_C_UAID_047C16AAE584510602_1775906091 Label:Board9 SpatiallyLoaded:1 Bounds:IsValid=true, Min=(X=9981.250 Y=591.250 Z=550.000), Max=(X=10738.750 Y=1348.750 Z=797.500) RuntimeGrid:None EditorOnly:0 RuntimeOnly:0 HLODRelevant:0
 |   |   |- Guid:60B85B2445A7FD960FED409FAEC98E2E BaseClass:/Game/CIGATotal/Item/BP_FoodSpawner.BP_FoodSpawner_C NativeClass:/Script/Engine.Actor Name:BP_FoodSpawner_C_UAID_047C16AAE584510602_1942215095 Label:BP_FoodSpawner5 SpatiallyLoaded:1 Bounds:IsValid=true, Min=(X=6340.000 Y=190.000 Z=850.000), Max=(X=6340.000 Y=190.000 Z=850.000) RuntimeGrid:None EditorOnly:0 RuntimeOnly:0 HLODRelevant:0
 |   |   |- Guid:68F14C264980C105026B479458A8FBF6 BaseClass:/Game/CIGATotal/ConveyerBelt/BP_ConveyerBelt.BP_ConveyerBelt_C NativeClass:/Script/Engine.Actor Name:BP_ConveyerBelt_C_UAID_047C16AAE584500602_1220866913 Label:BP_ConveyerBelt3 SpatiallyLoaded:1 Bounds:IsValid=true, Min=(X=-14260.000 Y=-2675.000 Z=852.000), Max=(X=25740.000 Y=-1112.000 Z=1109.000) RuntimeGrid:None EditorOnly:0 RuntimeOnly:0 HLODRelevant:0
 |   |   |- Guid:6B8C1D194BD6E67BAC22768099663793 BaseClass:/Game/CIGATotal/Obstacles/BP_ObstalcesSpawner.BP_ObstalcesSpawner_C NativeClass:/Script/Engine.Actor Name:BP_ObstalcesSpawner_C_UAID_DC462856FC83380602_2125081687 Label:BP_ObstalcesSpawner SpatiallyLoaded:1 Bounds:IsValid=true, Min=(X=5810.000 Y=-3410.000 Z=2990.000), Max=(X=5810.000 Y=-3410.000 Z=2990.000) RuntimeGrid:None EditorOnly:0 RuntimeOnly:0 HLODRelevant:0
 |   |   |- Guid:6BAF4DDD444C60371492D3919DB42C97 BaseClass: NativeClass:/Script/Engine.WorldDataLayers Name:WorldDataLayers Label:WorldDataLayers SpatiallyLoaded:0 Bounds:IsValid=true, Min=(X=0.000 Y=0.000 Z=0.000), Max=(X=0.000 Y=0.000 Z=0.000) RuntimeGrid:None EditorOnly:0 RuntimeOnly:0 HLODRelevant:0
 |   |   |- Guid:6F82F2E14C06FAFFAB9485B85E8689BE BaseClass:/Game/CIGATotal/Item/BP_FoodSpawner.BP_FoodSpawner_C NativeClass:/Script/Engine.Actor Name:BP_FoodSpawner_C_UAID_047C16AAE584ED0502_1191224487 Label:BP_FoodSpawner SpatiallyLoaded:1 Bounds:IsValid=true, Min=(X=4760.000 Y=960.000 Z=850.000), Max=(X=4760.000 Y=960.000 Z=850.000) RuntimeGrid:None EditorOnly:0 RuntimeOnly:0 HLODRelevant:0
 |   |   |- Guid:724EC1354A90E4A18CF20FAFFFD855EC BaseClass:/Game/CIGATotal/Item/BP_FoodSpawner.BP_FoodSpawner_C NativeClass:/Script/Engine.Actor Name:BP_FoodSpawner_C_UAID_047C16AAE584510602_1982702099 Label:BP_FoodSpawner9 SpatiallyLoaded:1 Bounds:IsValid=true, Min=(X=8750.000 Y=970.000 Z=850.000), Max=(X=8750.000 Y=970.000 Z=850.000) RuntimeGrid:None EditorOnly:0 RuntimeOnly:0 HLODRelevant:0
 |   |   |- Guid:729772A44859D07B552447BFF5839576 BaseClass:/Game/CIGATotal/Map/TestUseMap/Board.Board_C NativeClass:/Script/Engine.Actor Name:Board_C_UAID_047C16AAE584510602_1818986093 Label:Board11 SpatiallyLoaded:1 Bounds:IsValid=true, Min=(X=10781.250 Y=-198.750 Z=550.000), Max=(X=11538.750 Y=558.750 Z=797.500) RuntimeGrid:None EditorOnly:0 RuntimeOnly:0 HLODRelevant:0
 |   |   |- Guid:7E5827834E891783A5B10F86028F4CB0 BaseClass:/Game/CIGATotal/Others/BP_ConveySpawner.BP_ConveySpawner_C NativeClass:/Script/Engine.Actor Name:BP_ConveySpawner_C_UAID_DC462856FC83530602_1660457440 Label:BP_ConveySpawner2 SpatiallyLoaded:1 Bounds:IsValid=true, Min=(X=570.000 Y=-3490.000 Z=890.000), Max=(X=570.000 Y=-3490.000 Z=890.000) RuntimeGrid:None EditorOnly:0 RuntimeOnly:0 HLODRelevant:0
 |   |   |- Guid:85B48F504F94F9BF6EF715A290C82FE3 BaseClass:/Game/CIGATotal/Map/TestUseMap/Board.Board_C NativeClass:/Script/Engine.Actor Name:Board_C_UAID_047C16AAE584510602_1810215092 Label:Board10 SpatiallyLoaded:1 Bounds:IsValid=true, Min=(X=8381.250 Y=591.250 Z=550.000), Max=(X=9138.750 Y=1348.750 Z=797.500) RuntimeGrid:None EditorOnly:0 RuntimeOnly:0 HLODRelevant:0
 |   |   |- Guid:88287AE1485D1982BB066D999AC2F9F5 BaseClass:/Game/CIGATotal/Item/BP_FoodSpawner.BP_FoodSpawner_C NativeClass:/Script/Engine.Actor Name:BP_FoodSpawner_C_UAID_047C16AAE584510602_1978651098 Label:BP_FoodSpawner8 SpatiallyLoaded:1 Bounds:IsValid=true, Min=(X=9550.000 Y=970.000 Z=850.000), Max=(X=9550.000 Y=970.000 Z=850.000) RuntimeGrid:None EditorOnly:0 RuntimeOnly:0 HLODRelevant:0
 |   |   |- Guid:968147B548651A7DBF994BA037422E7A BaseClass:/Game/CIGATotal/Obstacles/BP_ObstalcesSpawner.BP_ObstalcesSpawner_C NativeClass:/Script/Engine.Actor Name:BP_ObstalcesSpawner_C_UAID_047C16AAE584570602_2103591147 Label:BP_ObstalcesSpawner6 SpatiallyLoaded:1 Bounds:IsValid=true, Min=(X=8270.000 Y=-1780.000 Z=2990.000), Max=(X=8270.000 Y=-1780.000 Z=2990.000) RuntimeGrid:None EditorOnly:0 RuntimeOnly:0 HLODRelevant:0
 |   |   |- Guid:A105C1834FDEC5C0A20F1F8C61294F2A BaseClass:/Game/CIGATotal/Obstacles/BP_ObstalcesSpawner.BP_ObstalcesSpawner_C NativeClass:/Script/Engine.Actor Name:BP_ObstalcesSpawner_C_UAID_047C16AAE584570602_2100765146 Label:BP_ObstalcesSpawner5 SpatiallyLoaded:1 Bounds:IsValid=true, Min=(X=3890.000 Y=-2060.000 Z=2990.000), Max=(X=3890.000 Y=-2060.000 Z=2990.000) RuntimeGrid:None EditorOnly:0 RuntimeOnly:0 HLODRelevant:0
 |   |   |- Guid:A3B6D152467310E0B74691850B997D47 BaseClass:/Game/CIGATotal/Map/TestUseMap/Board.Board_C NativeClass:/Script/Engine.Actor Name:Board_C_UAID_047C16AAE584500602_1956370915 Label:Board3 SpatiallyLoaded:1 Bounds:IsValid=true, Min=(X=6791.250 Y=581.250 Z=550.000), Max=(X=7548.750 Y=1338.750 Z=797.500) RuntimeGrid:None EditorOnly:0 RuntimeOnly:0 HLODRelevant:0
 |   |   |- Guid:ADBFD1784DB91D29C3BD52AE21E6279E BaseClass:/Game/CIGATotal/Item/BP_FoodSpawner.BP_FoodSpawner_C NativeClass:/Script/Engine.Actor Name:BP_FoodSpawner_C_UAID_4CD71744A1AFEE0502_1363018664 Label:BP_FoodSpawner3 SpatiallyLoaded:1 Bounds:IsValid=true, Min=(X=3160.000 Y=160.000 Z=850.000), Max=(X=3160.000 Y=160.000 Z=850.000) RuntimeGrid:None EditorOnly:0 RuntimeOnly:0 HLODRelevant:0
 |   |   |- Guid:B2F2C2294A1930F038576ABA60293A52 BaseClass:/Game/CIGATotal/Others/Destination.Destination_C NativeClass:/Script/Engine.Actor Name:Destination_C_UAID_DC462856FC83EB0502_1924010137 Label:Destination SpatiallyLoaded:1 Bounds:IsValid=true, Min=(X=5630.000 Y=-7308.000 Z=632.000), Max=(X=7070.000 Y=-6012.000 Z=728.000) RuntimeGrid:None EditorOnly:0 RuntimeOnly:0 HLODRelevant:0
 |   |   |- Guid:B414AF3A42546FEE52571ABA46CF7F91 BaseClass:/Game/CIGATotal/Obstacles/BP_ObstalcesSpawner.BP_ObstalcesSpawner_C NativeClass:/Script/Engine.Actor Name:BP_ObstalcesSpawner_C_UAID_047C16AAE584570602_2099061145 Label:BP_ObstalcesSpawner4 SpatiallyLoaded:1 Bounds:IsValid=true, Min=(X=5810.000 Y=-4960.000 Z=2990.000), Max=(X=5810.000 Y=-4960.000 Z=2990.000) RuntimeGrid:None EditorOnly:0 RuntimeOnly:0 HLODRelevant:0
 |   |   |- Guid:B785ED2844B84CFB91E7F39FE661CD99 BaseClass: NativeClass:/Script/Engine.DirectionalLight Name:DirectionalLight_0 Label:DirectionalLight SpatiallyLoaded:0 Bounds:IsValid=true, Min=(X=-4398046511104.000 Y=-4398046511104.000 Z=-4398046511104.000), Max=(X=4398046511104.000 Y=4398046511104.000 Z=4398046511104.000) RuntimeGrid:None EditorOnly:0 RuntimeOnly:0 HLODRelevant:0 FolderPath:Lighting FolderGuid:963EC3EB4002CCE9759E2EBA541A873A
 |   |   |- Guid:C073E15046EB036D3883C28D16C18D69 BaseClass:/Game/CIGATotal/Map/TestUseMap/Board.Board_C NativeClass:/Script/Engine.Actor Name:Board_C_UAID_047C16AAE584510602_1613863087 Label:Board5 SpatiallyLoaded:1 Bounds:IsValid=true, Min=(X=2791.250 Y=-218.750 Z=550.000), Max=(X=3548.750 Y=538.750 Z=797.500) RuntimeGrid:None EditorOnly:0 RuntimeOnly:0 HLODRelevant:0
 |   |   |- Guid:C9A5D7AA4A9E442841B835B15E87A38A BaseClass:/Game/CIGATotal/MainChacracter/MissionCharacter/MissionCharacter.MissionCharacter_C NativeClass:/Script/PaperZD.PaperZDCharacter Name:MissionCharacter_C_UAID_047C16AAE5845E0602_1478413375 Label:MissionCharacter SpatiallyLoaded:1 Bounds:IsValid=true, Min=(X=3854.192 Y=-7775.860 Z=754.000), Max=(X=5826.982 Y=-5726.388 Z=842.000) RuntimeGrid:None EditorOnly:0 RuntimeOnly:0 HLODRelevant:0
 |   |   |- Guid:CCFF262C46EEFFDF319E7F9539CE697E BaseClass: NativeClass:/Script/Engine.SkyAtmosphere Name:SkyAtmosphere_0 Label:SkyAtmosphere SpatiallyLoaded:0 Bounds:IsValid=true, Min=(X=-3570.000 Y=0.000 Z=1020.000), Max=(X=-3570.000 Y=0.000 Z=1020.000) RuntimeGrid:None EditorOnly:0 RuntimeOnly:0 HLODRelevant:0 FolderPath:Lighting FolderGuid:963EC3EB4002CCE9759E2EBA541A873A
 |   |   |- Guid:CF82226C4C5129377CD4A1AD3B11962C BaseClass:/Game/CIGATotal/Others/BP_ConveySpawner.BP_ConveySpawner_C NativeClass:/Script/Engine.Actor Name:BP_ConveySpawner_C_UAID_DC462856FC83530602_1668587441 Label:BP_ConveySpawner3 SpatiallyLoaded:1 Bounds:IsValid=true, Min=(X=13080.000 Y=-5180.000 Z=890.000), Max=(X=13080.000 Y=-5180.000 Z=890.000) RuntimeGrid:None EditorOnly:0 RuntimeOnly:0 HLODRelevant:0
 |   |   |- Guid:D6EAA2B14B1145CA7967F29A96AA86FE BaseClass:/Game/CIGATotal/Obstacles/BP_ObstalcesSpawner.BP_ObstalcesSpawner_C NativeClass:/Script/Engine.Actor Name:BP_ObstalcesSpawner_C_UAID_047C16AAE584570602_2096871144 Label:BP_ObstalcesSpawner3 SpatiallyLoaded:1 Bounds:IsValid=true, Min=(X=9340.000 Y=-3410.000 Z=2990.000), Max=(X=9340.000 Y=-3410.000 Z=2990.000) RuntimeGrid:None EditorOnly:0 RuntimeOnly:0 HLODRelevant:0
 |   |   |- Guid:E4998BEE428ADEF5CC08ACABCC835DD5 BaseClass:/Game/CIGATotal/ConveyerBelt/BP_ConveyerBelt.BP_ConveyerBelt_C NativeClass:/Script/Engine.Actor Name:BP_ConveyerBelt_C_UAID_047C16AAE584500602_1177826912 Label:BP_ConveyerBelt2 SpatiallyLoaded:1 Bounds:IsValid=true, Min=(X=-14240.000 Y=-4288.000 Z=852.000), Max=(X=25760.000 Y=-2724.999 Z=1109.000) RuntimeGrid:None EditorOnly:0 RuntimeOnly:0 HLODRelevant:0
 |   |   |- Guid:E56AC14E4033AE6C81D7D68EB6B9FDF3 BaseClass:/Game/CIGATotal/Map/TestUseMap/Board.Board_C NativeClass:/Script/Engine.Actor Name:Board_C_UAID_047C16AAE584510602_1767530090 Label:Board8 SpatiallyLoaded:1 Bounds:IsValid=true, Min=(X=5981.250 Y=591.250 Z=550.000), Max=(X=6738.750 Y=1348.750 Z=797.500) RuntimeGrid:None EditorOnly:0 RuntimeOnly:0 HLODRelevant:0
 |   |   |- Guid:EC4E0C944CE6AC6E784BC6BB2916EA13 BaseClass: NativeClass:/Script/Engine.StaticMeshActor Name:StaticMeshActor_UAID_A4AE111137DC5EFB00_1110535423 Label:SM_SkySphere SpatiallyLoaded:0 Bounds:IsValid=true, Min=(X=-1638400.000 Y=-1638010.000 Z=-1638400.000), Max=(X=1638400.000 Y=1638790.000 Z=1638400.000) RuntimeGrid:None EditorOnly:0 RuntimeOnly:0 HLODRelevant:1 FolderPath:Lighting FolderGuid:963EC3EB4002CCE9759E2EBA541A873A
 |   |   |- Guid:EFA1E67149E173808035B48A92736947 BaseClass:/Game/CIGATotal/Map/TestUseMap/Board.Board_C NativeClass:/Script/Engine.Actor Name:Board_C_UAID_047C16AAE584500602_1967542916 Label:Board4 SpatiallyLoaded:1 Bounds:IsValid=true, Min=(X=9171.250 Y=591.250 Z=550.000), Max=(X=9928.750 Y=1348.750 Z=797.500) RuntimeGrid:None EditorOnly:0 RuntimeOnly:0 HLODRelevant:0
 |   |   |- Guid:F5E3FEB3450C49844FD93DA8E083C8AD BaseClass: NativeClass:/Script/Engine.PostProcessVolume Name:PostProcessVolume_0 Label:PostProcessVolume SpatiallyLoaded:0 Bounds:IsValid=true, Min=(X=-5280.000 Y=0.000 Z=400.000), Max=(X=-5080.000 Y=200.000 Z=600.000) RuntimeGrid:None EditorOnly:0 RuntimeOnly:0 HLODRelevant:0 FolderPath:Lighting FolderGuid:963EC3EB4002CCE9759E2EBA541A873A
 |   |   |- Guid:FB0ED8084B928916822BBF9DE86F0D68 BaseClass:/Game/CIGATotal/Map/TestUseMap/Board.Board_C NativeClass:/Script/Engine.Actor Name:Board_C_UAID_047C16AAE584050602_1188607711 Label:Board SpatiallyLoaded:1 Bounds:IsValid=true, Min=(X=4381.250 Y=591.250 Z=550.000), Max=(X=5138.750 Y=1348.750 Z=797.500) RuntimeGrid:None EditorOnly:0 RuntimeOnly:0 HLODRelevant:0
 |   |- [+] Clusters:
 |   |   |- [+] [  0]
 |   |   |   |- Guid:6BAF4DDD444C60371492D3919DB42C97 BaseClass: NativeClass:/Script/Engine.WorldDataLayers Name:WorldDataLayers Label:WorldDataLayers SpatiallyLoaded:0 Bounds:IsValid=true, Min=(X=0.000 Y=0.000 Z=0.000), Max=(X=0.000 Y=0.000 Z=0.000) RuntimeGrid:None EditorOnly:0 RuntimeOnly:0 HLODRelevant:0
 |   |   |- [+] [  1]
 |   |   |   |- Guid:4D9C622940C4189336E8209F38B649AA BaseClass:/Game/CIGATotal/Item/BP_FoodSpawner.BP_FoodSpawner_C NativeClass:/Script/Engine.Actor Name:BP_FoodSpawner_C_UAID_047C16AAE584510602_1973243097 Label:BP_FoodSpawner7 SpatiallyLoaded:1 Bounds:IsValid=true, Min=(X=7150.000 Y=970.000 Z=850.000), Max=(X=7150.000 Y=970.000 Z=850.000) RuntimeGrid:None EditorOnly:0 RuntimeOnly:0 HLODRelevant:0
 |   |   |- [+] [  2]
 |   |   |   |- Guid:F5E3FEB3450C49844FD93DA8E083C8AD BaseClass: NativeClass:/Script/Engine.PostProcessVolume Name:PostProcessVolume_0 Label:PostProcessVolume SpatiallyLoaded:0 Bounds:IsValid=true, Min=(X=-5280.000 Y=0.000 Z=400.000), Max=(X=-5080.000 Y=200.000 Z=600.000) RuntimeGrid:None EditorOnly:0 RuntimeOnly:0 HLODRelevant:0 FolderPath:Lighting FolderGuid:963EC3EB4002CCE9759E2EBA541A873A
 |   |   |- [+] [  3]
 |   |   |   |- Guid:32638CF14E3408503D2BBDB2F2D1E7D0 BaseClass:/Game/CIGATotal/Map/TestUseMap/Board.Board_C NativeClass:/Script/Engine.Actor Name:Board_C_UAID_047C16AAE584510602_1741918089 Label:Board7 SpatiallyLoaded:1 Bounds:IsValid=true, Min=(X=5981.250 Y=-208.750 Z=550.000), Max=(X=6738.750 Y=548.750 Z=797.500) RuntimeGrid:None EditorOnly:0 RuntimeOnly:0 HLODRelevant:0
 |   |   |- [+] [  4]
 |   |   |   |- Guid:E56AC14E4033AE6C81D7D68EB6B9FDF3 BaseClass:/Game/CIGATotal/Map/TestUseMap/Board.Board_C NativeClass:/Script/Engine.Actor Name:Board_C_UAID_047C16AAE584510602_1767530090 Label:Board8 SpatiallyLoaded:1 Bounds:IsValid=true, Min=(X=5981.250 Y=591.250 Z=550.000), Max=(X=6738.750 Y=1348.750 Z=797.500) RuntimeGrid:None EditorOnly:0 RuntimeOnly:0 HLODRelevant:0
 |   |   |- [+] [  5]
 |   |   |   |- Guid:ADBFD1784DB91D29C3BD52AE21E6279E BaseClass:/Game/CIGATotal/Item/BP_FoodSpawner.BP_FoodSpawner_C NativeClass:/Script/Engine.Actor Name:BP_FoodSpawner_C_UAID_4CD71744A1AFEE0502_1363018664 Label:BP_FoodSpawner3 SpatiallyLoaded:1 Bounds:IsValid=true, Min=(X=3160.000 Y=160.000 Z=850.000), Max=(X=3160.000 Y=160.000 Z=850.000) RuntimeGrid:None EditorOnly:0 RuntimeOnly:0 HLODRelevant:0
 |   |   |- [+] [  6]
 |   |   |   |- Guid:68F14C264980C105026B479458A8FBF6 BaseClass:/Game/CIGATotal/ConveyerBelt/BP_ConveyerBelt.BP_ConveyerBelt_C NativeClass:/Script/Engine.Actor Name:BP_ConveyerBelt_C_UAID_047C16AAE584500602_1220866913 Label:BP_ConveyerBelt3 SpatiallyLoaded:1 Bounds:IsValid=true, Min=(X=-14260.000 Y=-2675.000 Z=852.000), Max=(X=25740.000 Y=-1112.000 Z=1109.000) RuntimeGrid:None EditorOnly:0 RuntimeOnly:0 HLODRelevant:0
 |   |   |- [+] [  7]
 |   |   |   |- Guid:4D3BE93F4146AAAC8BBE79999D96D57F BaseClass: NativeClass:/Script/Engine.VolumetricCloud Name:VolumetricCloud_0 Label:VolumetricCloud SpatiallyLoaded:0 Bounds:IsValid=true, Min=(X=-3570.000 Y=0.000 Z=820.000), Max=(X=-3570.000 Y=0.000 Z=820.000) RuntimeGrid:None EditorOnly:0 RuntimeOnly:0 HLODRelevant:0 FolderPath:Lighting FolderGuid:963EC3EB4002CCE9759E2EBA541A873A
 |   |   |- [+] [  8]
 |   |   |   |- Guid:EFA1E67149E173808035B48A92736947 BaseClass:/Game/CIGATotal/Map/TestUseMap/Board.Board_C NativeClass:/Script/Engine.Actor Name:Board_C_UAID_047C16AAE584500602_1967542916 Label:Board4 SpatiallyLoaded:1 Bounds:IsValid=true, Min=(X=9171.250 Y=591.250 Z=550.000), Max=(X=9928.750 Y=1348.750 Z=797.500) RuntimeGrid:None EditorOnly:0 RuntimeOnly:0 HLODRelevant:0
 |   |   |- [+] [  9]
 |   |   |   |- Guid:CF82226C4C5129377CD4A1AD3B11962C BaseClass:/Game/CIGATotal/Others/BP_ConveySpawner.BP_ConveySpawner_C NativeClass:/Script/Engine.Actor Name:BP_ConveySpawner_C_UAID_DC462856FC83530602_1668587441 Label:BP_ConveySpawner3 SpatiallyLoaded:1 Bounds:IsValid=true, Min=(X=13080.000 Y=-5180.000 Z=890.000), Max=(X=13080.000 Y=-5180.000 Z=890.000) RuntimeGrid:None EditorOnly:0 RuntimeOnly:0 HLODRelevant:0
 |   |   |- [+] [ 10]
 |   |   |   |- Guid:B414AF3A42546FEE52571ABA46CF7F91 BaseClass:/Game/CIGATotal/Obstacles/BP_ObstalcesSpawner.BP_ObstalcesSpawner_C NativeClass:/Script/Engine.Actor Name:BP_ObstalcesSpawner_C_UAID_047C16AAE584570602_2099061145 Label:BP_ObstalcesSpawner4 SpatiallyLoaded:1 Bounds:IsValid=true, Min=(X=5810.000 Y=-4960.000 Z=2990.000), Max=(X=5810.000 Y=-4960.000 Z=2990.000) RuntimeGrid:None EditorOnly:0 RuntimeOnly:0 HLODRelevant:0
 |   |   |- [+] [ 11]
 |   |   |   |- Guid:582CC2A7464B26515A464A8DCFDECC09 BaseClass:/Game/CIGATotal/Map/TestUseMap/Board.Board_C NativeClass:/Script/Engine.Actor Name:Board_C_UAID_047C16AAE584510602_1775906091 Label:Board9 SpatiallyLoaded:1 Bounds:IsValid=true, Min=(X=9981.250 Y=591.250 Z=550.000), Max=(X=10738.750 Y=1348.750 Z=797.500) RuntimeGrid:None EditorOnly:0 RuntimeOnly:0 HLODRelevant:0
 |   |   |- [+] [ 12]
 |   |   |   |- Guid:2BF671C849909C846CA16A9A97B313FE BaseClass:/Game/CIGATotal/ConveyerBelt/BP_ConveyerBelt.BP_ConveyerBelt_C NativeClass:/Script/Engine.Actor Name:BP_ConveyerBelt_C_UAID_08BFB8C0262F020602_2080669183 Label:BP_ConveyerBelt SpatiallyLoaded:1 Bounds:IsValid=true, Min=(X=-14280.000 Y=-5875.000 Z=852.000), Max=(X=25720.000 Y=-4312.000 Z=1109.000) RuntimeGrid:None EditorOnly:0 RuntimeOnly:0 HLODRelevant:0
 |   |   |- [+] [ 13]
 |   |   |   |- Guid:CCFF262C46EEFFDF319E7F9539CE697E BaseClass: NativeClass:/Script/Engine.SkyAtmosphere Name:SkyAtmosphere_0 Label:SkyAtmosphere SpatiallyLoaded:0 Bounds:IsValid=true, Min=(X=-3570.000 Y=0.000 Z=1020.000), Max=(X=-3570.000 Y=0.000 Z=1020.000) RuntimeGrid:None EditorOnly:0 RuntimeOnly:0 HLODRelevant:0 FolderPath:Lighting FolderGuid:963EC3EB4002CCE9759E2EBA541A873A
 |   |   |- [+] [ 14]
 |   |   |   |- Guid:C073E15046EB036D3883C28D16C18D69 BaseClass:/Game/CIGATotal/Map/TestUseMap/Board.Board_C NativeClass:/Script/Engine.Actor Name:Board_C_UAID_047C16AAE584510602_1613863087 Label:Board5 SpatiallyLoaded:1 Bounds:IsValid=true, Min=(X=2791.250 Y=-218.750 Z=550.000), Max=(X=3548.750 Y=538.750 Z=797.500) RuntimeGrid:None EditorOnly:0 RuntimeOnly:0 HLODRelevant:0
 |   |   |- [+] [ 15]
 |   |   |   |- Guid:EC4E0C944CE6AC6E784BC6BB2916EA13 BaseClass: NativeClass:/Script/Engine.StaticMeshActor Name:StaticMeshActor_UAID_A4AE111137DC5EFB00_1110535423 Label:SM_SkySphere SpatiallyLoaded:0 Bounds:IsValid=true, Min=(X=-1638400.000 Y=-1638010.000 Z=-1638400.000), Max=(X=1638400.000 Y=1638790.000 Z=1638400.000) RuntimeGrid:None EditorOnly:0 RuntimeOnly:0 HLODRelevant:1 FolderPath:Lighting FolderGuid:963EC3EB4002CCE9759E2EBA541A873A
 |   |   |- [+] [ 16]
 |   |   |   |- Guid:30022D4F484EB0CF9667489FA1C1A9AB BaseClass: NativeClass:/Script/Engine.BlockingVolume Name:BlockingVolume_UAID_047C16AAE584020602_1965954184 Label:BlockingVolume2 SpatiallyLoaded:1 Bounds:IsValid=true, Min=(X=270.000 Y=-7445.000 Z=540.000), Max=(X=13270.000 Y=1405.000 Z=740.000) RuntimeGrid:None EditorOnly:0 RuntimeOnly:0 HLODRelevant:0
 |   |   |- [+] [ 17]
 |   |   |   |- Guid:B785ED2844B84CFB91E7F39FE661CD99 BaseClass: NativeClass:/Script/Engine.DirectionalLight Name:DirectionalLight_0 Label:DirectionalLight SpatiallyLoaded:0 Bounds:IsValid=true, Min=(X=-4398046511104.000 Y=-4398046511104.000 Z=-4398046511104.000), Max=(X=4398046511104.000 Y=4398046511104.000 Z=4398046511104.000) RuntimeGrid:None EditorOnly:0 RuntimeOnly:0 HLODRelevant:0 FolderPath:Lighting FolderGuid:963EC3EB4002CCE9759E2EBA541A873A
 |   |   |- [+] [ 18]
 |   |   |   |- Guid:6B8C1D194BD6E67BAC22768099663793 BaseClass:/Game/CIGATotal/Obstacles/BP_ObstalcesSpawner.BP_ObstalcesSpawner_C NativeClass:/Script/Engine.Actor Name:BP_ObstalcesSpawner_C_UAID_DC462856FC83380602_2125081687 Label:BP_ObstalcesSpawner SpatiallyLoaded:1 Bounds:IsValid=true, Min=(X=5810.000 Y=-3410.000 Z=2990.000), Max=(X=5810.000 Y=-3410.000 Z=2990.000) RuntimeGrid:None EditorOnly:0 RuntimeOnly:0 HLODRelevant:0
 |   |   |- [+] [ 19]
 |   |   |   |- Guid:B2F2C2294A1930F038576ABA60293A52 BaseClass:/Game/CIGATotal/Others/Destination.Destination_C NativeClass:/Script/Engine.Actor Name:Destination_C_UAID_DC462856FC83EB0502_1924010137 Label:Destination SpatiallyLoaded:1 Bounds:IsValid=true, Min=(X=5630.000 Y=-7308.000 Z=632.000), Max=(X=7070.000 Y=-6012.000 Z=728.000) RuntimeGrid:None EditorOnly:0 RuntimeOnly:0 HLODRelevant:0
 |   |   |- [+] [ 20]
 |   |   |   |- Guid:316CF2A6494ACA4C0E4180A87D36AB8F BaseClass: NativeClass:/Script/Engine.ExponentialHeightFog Name:ExponentialHeightFog_0 Label:ExponentialHeightFog SpatiallyLoaded:0 Bounds:IsValid=true, Min=(X=-9480.000 Y=-50.000 Z=-6850.000), Max=(X=-9480.000 Y=-50.000 Z=-6850.000) RuntimeGrid:None EditorOnly:0 RuntimeOnly:0 HLODRelevant:0 FolderPath:Lighting FolderGuid:963EC3EB4002CCE9759E2EBA541A873A
 |   |   |- [+] [ 21]
 |   |   |   |- Guid:1F7402D845B79BFB100F12A957FB1FE6 BaseClass:/Game/CIGATotal/BP_LevelManager.BP_LevelManager_C NativeClass:/Script/Engine.Actor Name:BP_LevelManager_C_UAID_4CD71744A1AFF00502_1085249017 Label:BP_LevelManager SpatiallyLoaded:1 Bounds:IsValid=true, Min=(X=3220.000 Y=5730.000 Z=4250.000), Max=(X=3220.000 Y=5730.000 Z=4250.000) RuntimeGrid:None EditorOnly:0 RuntimeOnly:0 HLODRelevant:0
 |   |   |- [+] [ 22]
 |   |   |   |- Guid:7E5827834E891783A5B10F86028F4CB0 BaseClass:/Game/CIGATotal/Others/BP_ConveySpawner.BP_ConveySpawner_C NativeClass:/Script/Engine.Actor Name:BP_ConveySpawner_C_UAID_DC462856FC83530602_1660457440 Label:BP_ConveySpawner2 SpatiallyLoaded:1 Bounds:IsValid=true, Min=(X=570.000 Y=-3490.000 Z=890.000), Max=(X=570.000 Y=-3490.000 Z=890.000) RuntimeGrid:None EditorOnly:0 RuntimeOnly:0 HLODRelevant:0
 |   |   |- [+] [ 23]
 |   |   |   |- Guid:6F82F2E14C06FAFFAB9485B85E8689BE BaseClass:/Game/CIGATotal/Item/BP_FoodSpawner.BP_FoodSpawner_C NativeClass:/Script/Engine.Actor Name:BP_FoodSpawner_C_UAID_047C16AAE584ED0502_1191224487 Label:BP_FoodSpawner SpatiallyLoaded:1 Bounds:IsValid=true, Min=(X=4760.000 Y=960.000 Z=850.000), Max=(X=4760.000 Y=960.000 Z=850.000) RuntimeGrid:None EditorOnly:0 RuntimeOnly:0 HLODRelevant:0
 |   |   |- [+] [ 24]
 |   |   |   |- Guid:729772A44859D07B552447BFF5839576 BaseClass:/Game/CIGATotal/Map/TestUseMap/Board.Board_C NativeClass:/Script/Engine.Actor Name:Board_C_UAID_047C16AAE584510602_1818986093 Label:Board11 SpatiallyLoaded:1 Bounds:IsValid=true, Min=(X=10781.250 Y=-198.750 Z=550.000), Max=(X=11538.750 Y=558.750 Z=797.500) RuntimeGrid:None EditorOnly:0 RuntimeOnly:0 HLODRelevant:0
 |   |   |- [+] [ 25]
 |   |   |   |- Guid:3F6D3C6B4706C1CFE536AC8A4CAB2F80 BaseClass:/Game/CIGATotal/Item/BP_FoodSpawner.BP_FoodSpawner_C NativeClass:/Script/Engine.Actor Name:BP_FoodSpawner_C_UAID_4CD71744A1AFEE0502_1360925663 Label:BP_FoodSpawner2 SpatiallyLoaded:1 Bounds:IsValid=true, Min=(X=3960.000 Y=960.000 Z=850.000), Max=(X=3960.000 Y=960.000 Z=850.000) RuntimeGrid:None EditorOnly:0 RuntimeOnly:0 HLODRelevant:0
 |   |   |- [+] [ 26]
 |   |   |   |- Guid:2FB58999456391D349DC0F86DAC136ED BaseClass: NativeClass:/Script/Engine.SkyLight Name:SkyLight_1 Label:SkyLight SpatiallyLoaded:0 Bounds:IsValid=true, Min=(X=-3610.000 Y=0.000 Z=690.000), Max=(X=-3610.000 Y=0.000 Z=690.000) RuntimeGrid:None EditorOnly:0 RuntimeOnly:0 HLODRelevant:0 FolderPath:Lighting FolderGuid:963EC3EB4002CCE9759E2EBA541A873A
 |   |   |- [+] [ 27]
 |   |   |   |- Guid:60B85B2445A7FD960FED409FAEC98E2E BaseClass:/Game/CIGATotal/Item/BP_FoodSpawner.BP_FoodSpawner_C NativeClass:/Script/Engine.Actor Name:BP_FoodSpawner_C_UAID_047C16AAE584510602_1942215095 Label:BP_FoodSpawner5 SpatiallyLoaded:1 Bounds:IsValid=true, Min=(X=6340.000 Y=190.000 Z=850.000), Max=(X=6340.000 Y=190.000 Z=850.000) RuntimeGrid:None EditorOnly:0 RuntimeOnly:0 HLODRelevant:0
 |   |   |- [+] [ 28]
 |   |   |   |- Guid:D6EAA2B14B1145CA7967F29A96AA86FE BaseClass:/Game/CIGATotal/Obstacles/BP_ObstalcesSpawner.BP_ObstalcesSpawner_C NativeClass:/Script/Engine.Actor Name:BP_ObstalcesSpawner_C_UAID_047C16AAE584570602_2096871144 Label:BP_ObstalcesSpawner3 SpatiallyLoaded:1 Bounds:IsValid=true, Min=(X=9340.000 Y=-3410.000 Z=2990.000), Max=(X=9340.000 Y=-3410.000 Z=2990.000) RuntimeGrid:None EditorOnly:0 RuntimeOnly:0 HLODRelevant:0
 |   |   |- [+] [ 29]
 |   |   |   |- Guid:0755560E429B4734F68D559F6EAE84A8 BaseClass: NativeClass:/Script/Paper2D.PaperTileMapActor Name:PaperTileMapActor_UAID_047C16AAE5844E0602_1907218559 Label:Map3Test SpatiallyLoaded:1 Bounds:IsValid=true, Min=(X=370.000 Y=-7430.000 Z=668.000), Max=(X=13170.000 Y=-230.000 Z=672.000) RuntimeGrid:None EditorOnly:0 RuntimeOnly:0 HLODRelevant:0
 |   |   |- [+] [ 30]
 |   |   |   |- Guid:724EC1354A90E4A18CF20FAFFFD855EC BaseClass:/Game/CIGATotal/Item/BP_FoodSpawner.BP_FoodSpawner_C NativeClass:/Script/Engine.Actor Name:BP_FoodSpawner_C_UAID_047C16AAE584510602_1982702099 Label:BP_FoodSpawner9 SpatiallyLoaded:1 Bounds:IsValid=true, Min=(X=8750.000 Y=970.000 Z=850.000), Max=(X=8750.000 Y=970.000 Z=850.000) RuntimeGrid:None EditorOnly:0 RuntimeOnly:0 HLODRelevant:0
 |   |   |- [+] [ 31]
 |   |   |   |- Guid:968147B548651A7DBF994BA037422E7A BaseClass:/Game/CIGATotal/Obstacles/BP_ObstalcesSpawner.BP_ObstalcesSpawner_C NativeClass:/Script/Engine.Actor Name:BP_ObstalcesSpawner_C_UAID_047C16AAE584570602_2103591147 Label:BP_ObstalcesSpawner6 SpatiallyLoaded:1 Bounds:IsValid=true, Min=(X=8270.000 Y=-1780.000 Z=2990.000), Max=(X=8270.000 Y=-1780.000 Z=2990.000) RuntimeGrid:None EditorOnly:0 RuntimeOnly:0 HLODRelevant:0
 |   |   |- [+] [ 32]
 |   |   |   |- Guid:0433D132453F2200B3510B876D307F79 BaseClass:/Game/CIGATotal/Item/BP_FoodSpawner.BP_FoodSpawner_C NativeClass:/Script/Engine.Actor Name:BP_FoodSpawner_C_UAID_047C16AAE584510602_1853499094 Label:BP_FoodSpawner4 SpatiallyLoaded:1 Bounds:IsValid=true, Min=(X=2390.000 Y=-640.000 Z=850.000), Max=(X=2390.000 Y=-640.000 Z=850.000) RuntimeGrid:None EditorOnly:0 RuntimeOnly:0 HLODRelevant:0
 |   |   |- [+] [ 33]
 |   |   |   |- Guid:415DDBF14AC34CF80AA8D2BDF6F30413 BaseClass:/Game/CIGATotal/Obstacles/BP_ObstalcesSpawner.BP_ObstalcesSpawner_C NativeClass:/Script/Engine.Actor Name:BP_ObstalcesSpawner_C_UAID_047C16AAE584570602_2094790143 Label:BP_ObstalcesSpawner2 SpatiallyLoaded:1 Bounds:IsValid=true, Min=(X=7310.000 Y=-3410.000 Z=2990.000), Max=(X=7310.000 Y=-3410.000 Z=2990.000) RuntimeGrid:None EditorOnly:0 RuntimeOnly:0 HLODRelevant:0
 |   |   |- [+] [ 34]
 |   |   |   |- Guid:01CBFC3C4C982F783AE2F38C2B33DCDD BaseClass:/Game/CIGATotal/Item/BP_FoodSpawner.BP_FoodSpawner_C NativeClass:/Script/Engine.Actor Name:BP_FoodSpawner_C_UAID_047C16AAE584510602_1948452096 Label:BP_FoodSpawner6 SpatiallyLoaded:1 Bounds:IsValid=true, Min=(X=11150.000 Y=190.000 Z=850.000), Max=(X=11150.000 Y=190.000 Z=850.000) RuntimeGrid:None EditorOnly:0 RuntimeOnly:0 HLODRelevant:0
 |   |   |- [+] [ 35]
 |   |   |   |- Guid:A3B6D152467310E0B74691850B997D47 BaseClass:/Game/CIGATotal/Map/TestUseMap/Board.Board_C NativeClass:/Script/Engine.Actor Name:Board_C_UAID_047C16AAE584500602_1956370915 Label:Board3 SpatiallyLoaded:1 Bounds:IsValid=true, Min=(X=6791.250 Y=581.250 Z=550.000), Max=(X=7548.750 Y=1338.750 Z=797.500) RuntimeGrid:None EditorOnly:0 RuntimeOnly:0 HLODRelevant:0
 |   |   |- [+] [ 36]
 |   |   |   |- Guid:A105C1834FDEC5C0A20F1F8C61294F2A BaseClass:/Game/CIGATotal/Obstacles/BP_ObstalcesSpawner.BP_ObstalcesSpawner_C NativeClass:/Script/Engine.Actor Name:BP_ObstalcesSpawner_C_UAID_047C16AAE584570602_2100765146 Label:BP_ObstalcesSpawner5 SpatiallyLoaded:1 Bounds:IsValid=true, Min=(X=3890.000 Y=-2060.000 Z=2990.000), Max=(X=3890.000 Y=-2060.000 Z=2990.000) RuntimeGrid:None EditorOnly:0 RuntimeOnly:0 HLODRelevant:0
 |   |   |- [+] [ 37]
 |   |   |   |- Guid:19B973BA4023F5B934E63EA055D9CAD6 BaseClass:/Game/CIGATotal/Map/TestUseMap/Board.Board_C NativeClass:/Script/Engine.Actor Name:Board_C_UAID_047C16AAE584510602_1681340088 Label:Board6 SpatiallyLoaded:1 Bounds:IsValid=true, Min=(X=1991.250 Y=-1008.750 Z=550.000), Max=(X=2748.750 Y=-251.250 Z=797.500) RuntimeGrid:None EditorOnly:0 RuntimeOnly:0 HLODRelevant:0
 |   |   |- [+] [ 38]
 |   |   |   |- Guid:E4998BEE428ADEF5CC08ACABCC835DD5 BaseClass:/Game/CIGATotal/ConveyerBelt/BP_ConveyerBelt.BP_ConveyerBelt_C NativeClass:/Script/Engine.Actor Name:BP_ConveyerBelt_C_UAID_047C16AAE584500602_1177826912 Label:BP_ConveyerBelt2 SpatiallyLoaded:1 Bounds:IsValid=true, Min=(X=-14240.000 Y=-4288.000 Z=852.000), Max=(X=25760.000 Y=-2724.999 Z=1109.000) RuntimeGrid:None EditorOnly:0 RuntimeOnly:0 HLODRelevant:0
 |   |   |- [+] [ 39]
 |   |   |   |- Guid:FB0ED8084B928916822BBF9DE86F0D68 BaseClass:/Game/CIGATotal/Map/TestUseMap/Board.Board_C NativeClass:/Script/Engine.Actor Name:Board_C_UAID_047C16AAE584050602_1188607711 Label:Board SpatiallyLoaded:1 Bounds:IsValid=true, Min=(X=4381.250 Y=591.250 Z=550.000), Max=(X=5138.750 Y=1348.750 Z=797.500) RuntimeGrid:None EditorOnly:0 RuntimeOnly:0 HLODRelevant:0
 |   |   |- [+] [ 40]
 |   |   |   |- Guid:306651984C60A70EEEE905A9EA821F9C BaseClass:/Game/CIGATotal/Others/BP_ConveySpawner.BP_ConveySpawner_C NativeClass:/Script/Engine.Actor Name:BP_ConveySpawner_C_UAID_DC462856FC83530602_1643575439 Label:BP_ConveySpawner SpatiallyLoaded:1 Bounds:IsValid=true, Min=(X=13150.000 Y=-1790.000 Z=890.000), Max=(X=13150.000 Y=-1790.000 Z=890.000) RuntimeGrid:None EditorOnly:0 RuntimeOnly:0 HLODRelevant:0
 |   |   |- [+] [ 41]
 |   |   |   |- Guid:1D3157C445B1B416B70524817AEB470F BaseClass:/Game/CIGATotal/Map/TestUseMap/Board.Board_C NativeClass:/Script/Engine.Actor Name:Board_C_UAID_047C16AAE584500602_1952129914 Label:Board2 SpatiallyLoaded:1 Bounds:IsValid=true, Min=(X=3571.250 Y=591.250 Z=550.000), Max=(X=4328.750 Y=1348.750 Z=797.500) RuntimeGrid:None EditorOnly:0 RuntimeOnly:0 HLODRelevant:0
 |   |   |- [+] [ 42]
 |   |   |   |- Guid:85B48F504F94F9BF6EF715A290C82FE3 BaseClass:/Game/CIGATotal/Map/TestUseMap/Board.Board_C NativeClass:/Script/Engine.Actor Name:Board_C_UAID_047C16AAE584510602_1810215092 Label:Board10 SpatiallyLoaded:1 Bounds:IsValid=true, Min=(X=8381.250 Y=591.250 Z=550.000), Max=(X=9138.750 Y=1348.750 Z=797.500) RuntimeGrid:None EditorOnly:0 RuntimeOnly:0 HLODRelevant:0
 |   |   |- [+] [ 43]
 |   |   |   |- Guid:3A00AA1C422CE54C0BDB60BAF471BFBB BaseClass: NativeClass:/Script/Engine.PlayerStart Name:PlayerStart_0 Label:PlayerStart SpatiallyLoaded:0 Bounds:IsValid=true, Min=(X=8000.000 Y=-6710.000 Z=740.013), Max=(X=8080.000 Y=-6630.000 Z=924.013) RuntimeGrid:None EditorOnly:0 RuntimeOnly:0 HLODRelevant:0
 |   |   |- [+] [ 44]
 |   |   |   |- Guid:88287AE1485D1982BB066D999AC2F9F5 BaseClass:/Game/CIGATotal/Item/BP_FoodSpawner.BP_FoodSpawner_C NativeClass:/Script/Engine.Actor Name:BP_FoodSpawner_C_UAID_047C16AAE584510602_1978651098 Label:BP_FoodSpawner8 SpatiallyLoaded:1 Bounds:IsValid=true, Min=(X=9550.000 Y=970.000 Z=850.000), Max=(X=9550.000 Y=970.000 Z=850.000) RuntimeGrid:None EditorOnly:0 RuntimeOnly:0 HLODRelevant:0
 |   |   |- [+] [ 45]
 |   |   |   |- Guid:C9A5D7AA4A9E442841B835B15E87A38A BaseClass:/Game/CIGATotal/MainChacracter/MissionCharacter/MissionCharacter.MissionCharacter_C NativeClass:/Script/PaperZD.PaperZDCharacter Name:MissionCharacter_C_UAID_047C16AAE5845E0602_1478413375 Label:MissionCharacter SpatiallyLoaded:1 Bounds:IsValid=true, Min=(X=3854.192 Y=-7775.860 Z=754.000), Max=(X=5826.982 Y=-5726.388 Z=842.000) RuntimeGrid:None EditorOnly:0 RuntimeOnly:0 HLODRelevant:0
 |- ContainerInstances:
 |- [+] MainContainer:
 |   |-        ID: 0x0000000000000000
 |   |-    Bounds: IsValid=false, Min=(X=0.000 Y=0.000 Z=0.000), Max=(X=0.000 Y=0.000 Z=0.000)
 |   |- Transform: 0.000000,0.000000,0.000000|0.000000,0.000000,-0.000000|1.000000,1.000000,1.000000
 |   |- Container: /Game/ThirdPerson/Maps/ThirdPersonMap
----------------------------------------------------------------------------------------------------------------
ThirdPersonMap - Persistent Level
----------------------------------------------------------------------------------------------------------------
Always loaded Actor Count: 55 

----------------------------------------------------------------------------------------------------------------
ThirdPersonMap - Runtime Spatial Hash - Streaming Grid - MainGrid
----------------------------------------------------------------------------------------------------------------
            Origin: X=0.000 Y=0.000 Z=0.000
         Cell Size: 12800
      World Bounds: IsValid=false, Min=(X=0.000 Y=0.000 Z=0.000), Max=(X=0.000 Y=0.000 Z=0.000)
     Loading Range: 25600.00
Block Slow Loading: No
 ClientOnlyVisible: No

[+] Grid Levels: 1
 |- Level  0: Cell Count    0 | Cell Size   12800 | Actor Count    0 (0.0%)

[+] Content of Grid Level 0

