[+] Containers:
 |- [+] Container: /Game/ThirdPerson/Maps/ThirdPersonMap
 |   |- [+] ActorDescs:
 |   |   |- Guid:0AB9032C453FF1584DA18A8266591147 BaseClass: NativeClass:/Script/Paper2D.PaperTileMapActor Name:PaperTileMapActor_UAID_047C16AAE584E60502_1982033255 Label:MAPTEST SpatiallyLoaded:1 Bounds:IsValid=true, Min=(X=384.000 Y=376.000 Z=2408.000), Max=(X=3584.000 Y=3576.000 Z=2412.000) RuntimeGrid:None EditorOnly:0 RuntimeOnly:0 HLODRelevant:0
 |   |   |- Guid:1F7402D845B79BFB100F12A957FB1FE6 BaseClass:/Game/CIGATotal/BP_LevelManager.BP_LevelManager_C NativeClass:/Script/Engine.Actor Name:BP_LevelManager_C_UAID_4CD71744A1AFF00502_1085249017 Label:BP_LevelManager SpatiallyLoaded:1 Bounds:IsValid=true, Min=(X=3220.000 Y=3020.000 Z=4250.000), Max=(X=3220.000 Y=3020.000 Z=4250.000) RuntimeGrid:None EditorOnly:0 RuntimeOnly:0 HLODRelevant:0
 |   |   |- Guid:2BF671C849909C846CA16A9A97B313FE BaseClass:/Game/CIGATotal/ConveyerBelt/BP_ConveyerBelt.BP_ConveyerBelt_C NativeClass:/Script/Engine.Actor Name:BP_ConveyerBelt_C_UAID_08BFB8C0262F020602_2080669183 Label:BP_ConveyerBelt SpatiallyLoaded:1 Bounds:IsValid=true, Min=(X=380.000 Y=2026.250 Z=2469.000), Max=(X=5899.750 Y=2417.000 Z=2533.000) RuntimeGrid:None EditorOnly:0 RuntimeOnly:0 HLODRelevant:0
 |   |   |- Guid:2C362DD448457E6A03AAD7BCB80C837F BaseClass:/Game/CIGATotal/Others/Water.Water_C NativeClass:/Script/Engine.Actor Name:Water_C_UAID_DC462856FC83480602_1780504507 Label:Water SpatiallyLoaded:1 Bounds:IsValid=true, Min=(X=1686.000 Y=500.000 Z=2445.000), Max=(X=3370.000 Y=1290.000 Z=2628.000) RuntimeGrid:None EditorOnly:0 RuntimeOnly:0 HLODRelevant:0
 |   |   |- Guid:2FB58999456391D349DC0F86DAC136ED BaseClass: NativeClass:/Script/Engine.SkyLight Name:SkyLight_1 Label:SkyLight SpatiallyLoaded:0 Bounds:IsValid=true, Min=(X=0.000 Y=0.000 Z=690.000), Max=(X=0.000 Y=0.000 Z=690.000) RuntimeGrid:None EditorOnly:0 RuntimeOnly:0 HLODRelevant:0 FolderPath:Lighting FolderGuid:963EC3EB4002CCE9759E2EBA541A873A
 |   |   |- Guid:30022D4F484EB0CF9667489FA1C1A9AB BaseClass: NativeClass:/Script/Engine.BlockingVolume Name:BlockingVolume_UAID_047C16AAE584020602_1965954184 Label:BlockingVolume2 SpatiallyLoaded:1 Bounds:IsValid=true, Min=(X=295.000 Y=-3475.000 Z=2290.000), Max=(X=3645.000 Y=-25.000 Z=2490.000) RuntimeGrid:None EditorOnly:0 RuntimeOnly:0 HLODRelevant:0
 |   |   |- Guid:316CF2A6494ACA4C0E4180A87D36AB8F BaseClass: NativeClass:/Script/Engine.ExponentialHeightFog Name:ExponentialHeightFog_0 Label:ExponentialHeightFog SpatiallyLoaded:0 Bounds:IsValid=true, Min=(X=-5600.000 Y=-50.000 Z=-6850.000), Max=(X=-5600.000 Y=-50.000 Z=-6850.000) RuntimeGrid:None EditorOnly:0 RuntimeOnly:0 HLODRelevant:0 FolderPath:Lighting FolderGuid:963EC3EB4002CCE9759E2EBA541A873A
 |   |   |- Guid:3A00AA1C422CE54C0BDB60BAF471BFBB BaseClass: NativeClass:/Script/Engine.PlayerStart Name:PlayerStart_0 Label:PlayerStart SpatiallyLoaded:0 Bounds:IsValid=true, Min=(X=1950.000 Y=1480.000 Z=2860.013), Max=(X=2030.000 Y=1560.000 Z=3044.013) RuntimeGrid:None EditorOnly:0 RuntimeOnly:0 HLODRelevant:0
 |   |   |- Guid:3C3BEF104124DE7A48C1BAB3D1C94735 BaseClass: NativeClass:/Script/Engine.BlockingVolume Name:BlockingVolume_UAID_047C16AAE584E60502_2034984256 Label:BlockingVolume SpatiallyLoaded:1 Bounds:IsValid=true, Min=(X=295.000 Y=275.000 Z=2290.000), Max=(X=3645.000 Y=3725.000 Z=2490.000) RuntimeGrid:None EditorOnly:0 RuntimeOnly:0 HLODRelevant:0
 |   |   |- Guid:3F6D3C6B4706C1CFE536AC8A4CAB2F80 BaseClass:/Game/CIGATotal/Item/BP_FoodSpawner.BP_FoodSpawner_C NativeClass:/Script/Engine.Actor Name:BP_FoodSpawner_C_UAID_4CD71744A1AFEE0502_1360925663 Label:BP_FoodSpawner2 SpatiallyLoaded:1 Bounds:IsValid=true, Min=(X=1370.000 Y=2860.000 Z=2620.000), Max=(X=1370.000 Y=2860.000 Z=2620.000) RuntimeGrid:None EditorOnly:0 RuntimeOnly:0 HLODRelevant:0
 |   |   |- Guid:4D3BE93F4146AAAC8BBE79999D96D57F BaseClass: NativeClass:/Script/Engine.VolumetricCloud Name:VolumetricCloud_0 Label:VolumetricCloud SpatiallyLoaded:0 Bounds:IsValid=true, Min=(X=0.000 Y=0.000 Z=820.000), Max=(X=0.000 Y=0.000 Z=820.000) RuntimeGrid:None EditorOnly:0 RuntimeOnly:0 HLODRelevant:0 FolderPath:Lighting FolderGuid:963EC3EB4002CCE9759E2EBA541A873A
 |   |   |- Guid:6B8C1D194BD6E67BAC22768099663793 BaseClass:/Game/CIGATotal/Obstacles/BP_ObstalcesSpawner.BP_ObstalcesSpawner_C NativeClass:/Script/Engine.Actor Name:BP_ObstalcesSpawner_C_UAID_DC462856FC83380602_2125081687 Label:BP_ObstalcesSpawner SpatiallyLoaded:1 Bounds:IsValid=true, Min=(X=1380.000 Y=1220.000 Z=2990.000), Max=(X=1380.000 Y=1220.000 Z=2990.000) RuntimeGrid:None EditorOnly:0 RuntimeOnly:0 HLODRelevant:0
 |   |   |- Guid:6BAF4DDD444C60371492D3919DB42C97 BaseClass: NativeClass:/Script/Engine.WorldDataLayers Name:WorldDataLayers Label:WorldDataLayers SpatiallyLoaded:0 Bounds:IsValid=true, Min=(X=0.000 Y=0.000 Z=0.000), Max=(X=0.000 Y=0.000 Z=0.000) RuntimeGrid:None EditorOnly:0 RuntimeOnly:0 HLODRelevant:0
 |   |   |- Guid:6F82F2E14C06FAFFAB9485B85E8689BE BaseClass:/Game/CIGATotal/Item/BP_FoodSpawner.BP_FoodSpawner_C NativeClass:/Script/Engine.Actor Name:BP_FoodSpawner_C_UAID_047C16AAE584ED0502_1191224487 Label:BP_FoodSpawner SpatiallyLoaded:1 Bounds:IsValid=true, Min=(X=900.000 Y=2860.000 Z=2620.000), Max=(X=900.000 Y=2860.000 Z=2620.000) RuntimeGrid:None EditorOnly:0 RuntimeOnly:0 HLODRelevant:0
 |   |   |- Guid:7D5665954620BFF2FEE3CD9FCB7181B7 BaseClass: NativeClass:/Script/Paper2D.PaperTileMapActor Name:PaperTileMapActor_UAID_047C16AAE584020602_1939687183 Label:MAP2TEST SpatiallyLoaded:1 Bounds:IsValid=true, Min=(X=760.000 Y=-2970.000 Z=2426.000), Max=(X=2920.000 Y=-370.000 Z=2434.000) RuntimeGrid:None EditorOnly:0 RuntimeOnly:0 HLODRelevant:0
 |   |   |- Guid:ADBFD1784DB91D29C3BD52AE21E6279E BaseClass:/Game/CIGATotal/Item/BP_FoodSpawner.BP_FoodSpawner_C NativeClass:/Script/Engine.Actor Name:BP_FoodSpawner_C_UAID_4CD71744A1AFEE0502_1363018664 Label:BP_FoodSpawner3 SpatiallyLoaded:1 Bounds:IsValid=true, Min=(X=1840.000 Y=2860.000 Z=2620.000), Max=(X=1840.000 Y=2860.000 Z=2620.000) RuntimeGrid:None EditorOnly:0 RuntimeOnly:0 HLODRelevant:0
 |   |   |- Guid:B2F2C2294A1930F038576ABA60293A52 BaseClass:/Game/CIGATotal/Others/Destination.Destination_C NativeClass:/Script/Engine.Actor Name:Destination_C_UAID_DC462856FC83EB0502_1924010137 Label:Destination SpatiallyLoaded:1 Bounds:IsValid=true, Min=(X=2687.500 Y=2497.500 Z=2252.000), Max=(X=3212.500 Y=3022.500 Z=2588.000) RuntimeGrid:None EditorOnly:0 RuntimeOnly:0 HLODRelevant:0
 |   |   |- Guid:B785ED2844B84CFB91E7F39FE661CD99 BaseClass: NativeClass:/Script/Engine.DirectionalLight Name:DirectionalLight_0 Label:DirectionalLight SpatiallyLoaded:0 Bounds:IsValid=true, Min=(X=-1048576.000 Y=-1048576.000 Z=-1048576.000), Max=(X=1048576.000 Y=1048576.000 Z=1048576.000) RuntimeGrid:None EditorOnly:0 RuntimeOnly:0 HLODRelevant:0 FolderPath:Lighting FolderGuid:963EC3EB4002CCE9759E2EBA541A873A
 |   |   |- Guid:B930AFBA48852BD846C5B9A8AC80FC39 BaseClass:/Game/CIGATotal/Obstacles/TESTObstacle/Cup.Cup_C NativeClass:/Script/Engine.Actor Name:Cup_C_UAID_DC462856FC83500602_1632813914 Label:Cup SpatiallyLoaded:1 Bounds:IsValid=true, Min=(X=1557.000 Y=1405.000 Z=3437.000), Max=(X=2359.000 Y=1415.000 Z=4065.000) RuntimeGrid:None EditorOnly:0 RuntimeOnly:0 HLODRelevant:0
 |   |   |- Guid:CCFF262C46EEFFDF319E7F9539CE697E BaseClass: NativeClass:/Script/Engine.SkyAtmosphere Name:SkyAtmosphere_0 Label:SkyAtmosphere SpatiallyLoaded:0 Bounds:IsValid=true, Min=(X=0.000 Y=0.000 Z=1020.000), Max=(X=0.000 Y=0.000 Z=1020.000) RuntimeGrid:None EditorOnly:0 RuntimeOnly:0 HLODRelevant:0 FolderPath:Lighting FolderGuid:963EC3EB4002CCE9759E2EBA541A873A
 |   |   |- Guid:D6F3987E4BB42BA2672D7A8F48A1DB71 BaseClass:/Game/CIGATotal/ConveyerBelt/BP_ConveyerBelt.BP_ConveyerBelt_C NativeClass:/Script/Engine.Actor Name:BP_ConveyerBelt_C_UAID_08BFB8C0262F040602_1083429536 Label:BP_ConveyerBelt2 SpatiallyLoaded:1 Bounds:IsValid=true, Min=(X=-500.000 Y=1386.250 Z=2488.000), Max=(X=5019.750 Y=1777.000 Z=2552.000) RuntimeGrid:None EditorOnly:0 RuntimeOnly:0 HLODRelevant:0
 |   |   |- Guid:DA6889E540172DCEA76BC1958FA181E1 BaseClass:/Game/CIGATotal/Obstacles/TESTObstacle/Knife.Knife_C NativeClass:/Script/Engine.Actor Name:Knife_C_UAID_DC462856FC83020602_1729589184 Label:Knife SpatiallyLoaded:1 Bounds:IsValid=true, Min=(X=1251.476 Y=1804.065 Z=3127.350), Max=(X=1988.086 Y=2526.155 Z=3586.381) RuntimeGrid:None EditorOnly:0 RuntimeOnly:0 HLODRelevant:0
 |   |   |- Guid:EC4E0C944CE6AC6E784BC6BB2916EA13 BaseClass: NativeClass:/Script/Engine.StaticMeshActor Name:StaticMeshActor_UAID_A4AE111137DC5EFB00_1110535423 Label:SM_SkySphere SpatiallyLoaded:0 Bounds:IsValid=true, Min=(X=-1638400.000 Y=-1638010.000 Z=-1638400.000), Max=(X=1638400.000 Y=1638790.000 Z=1638400.000) RuntimeGrid:None EditorOnly:0 RuntimeOnly:0 HLODRelevant:1 FolderPath:Lighting FolderGuid:963EC3EB4002CCE9759E2EBA541A873A
 |   |   |- Guid:F5C89E184274BA7521FC4BBCC8856AA2 BaseClass:/Game/CIGATotal/Obstacles/TESTObstacle/Plate.Plate_C NativeClass:/Script/Engine.Actor Name:Plate_C_UAID_DC462856FC83500602_1623935913 Label:Plate SpatiallyLoaded:1 Bounds:IsValid=true, Min=(X=1020.000 Y=1696.000 Z=3132.000), Max=(X=1981.000 Y=1824.000 Z=3616.000) RuntimeGrid:None EditorOnly:0 RuntimeOnly:0 HLODRelevant:0
 |   |   |- Guid:F5E3FEB3450C49844FD93DA8E083C8AD BaseClass: NativeClass:/Script/Engine.PostProcessVolume Name:PostProcessVolume_0 Label:PostProcessVolume SpatiallyLoaded:0 Bounds:IsValid=true, Min=(X=0.000 Y=0.000 Z=400.000), Max=(X=200.000 Y=200.000 Z=600.000) RuntimeGrid:None EditorOnly:0 RuntimeOnly:0 HLODRelevant:0 FolderPath:Lighting FolderGuid:963EC3EB4002CCE9759E2EBA541A873A
 |   |   |- Guid:FB0ED8084B928916822BBF9DE86F0D68 BaseClass:/Game/CIGATotal/Map/TestUseMap/Board.Board_C NativeClass:/Script/Engine.Actor Name:Board_C_UAID_047C16AAE584050602_1188607711 Label:Board SpatiallyLoaded:1 Bounds:IsValid=true, Min=(X=777.500 Y=2887.500 Z=2400.000), Max=(X=1282.500 Y=3392.500 Z=2565.000) RuntimeGrid:None EditorOnly:0 RuntimeOnly:0 HLODRelevant:0
 |   |- [+] Clusters:
 |   |   |- [+] [  0]
 |   |   |   |- Guid:6BAF4DDD444C60371492D3919DB42C97 BaseClass: NativeClass:/Script/Engine.WorldDataLayers Name:WorldDataLayers Label:WorldDataLayers SpatiallyLoaded:0 Bounds:IsValid=true, Min=(X=0.000 Y=0.000 Z=0.000), Max=(X=0.000 Y=0.000 Z=0.000) RuntimeGrid:None EditorOnly:0 RuntimeOnly:0 HLODRelevant:0
 |   |   |- [+] [  1]
 |   |   |   |- Guid:F5E3FEB3450C49844FD93DA8E083C8AD BaseClass: NativeClass:/Script/Engine.PostProcessVolume Name:PostProcessVolume_0 Label:PostProcessVolume SpatiallyLoaded:0 Bounds:IsValid=true, Min=(X=0.000 Y=0.000 Z=400.000), Max=(X=200.000 Y=200.000 Z=600.000) RuntimeGrid:None EditorOnly:0 RuntimeOnly:0 HLODRelevant:0 FolderPath:Lighting FolderGuid:963EC3EB4002CCE9759E2EBA541A873A
 |   |   |- [+] [  2]
 |   |   |   |- Guid:ADBFD1784DB91D29C3BD52AE21E6279E BaseClass:/Game/CIGATotal/Item/BP_FoodSpawner.BP_FoodSpawner_C NativeClass:/Script/Engine.Actor Name:BP_FoodSpawner_C_UAID_4CD71744A1AFEE0502_1363018664 Label:BP_FoodSpawner3 SpatiallyLoaded:1 Bounds:IsValid=true, Min=(X=1840.000 Y=2860.000 Z=2620.000), Max=(X=1840.000 Y=2860.000 Z=2620.000) RuntimeGrid:None EditorOnly:0 RuntimeOnly:0 HLODRelevant:0
 |   |   |- [+] [  3]
 |   |   |   |- Guid:4D3BE93F4146AAAC8BBE79999D96D57F BaseClass: NativeClass:/Script/Engine.VolumetricCloud Name:VolumetricCloud_0 Label:VolumetricCloud SpatiallyLoaded:0 Bounds:IsValid=true, Min=(X=0.000 Y=0.000 Z=820.000), Max=(X=0.000 Y=0.000 Z=820.000) RuntimeGrid:None EditorOnly:0 RuntimeOnly:0 HLODRelevant:0 FolderPath:Lighting FolderGuid:963EC3EB4002CCE9759E2EBA541A873A
 |   |   |- [+] [  4]
 |   |   |   |- Guid:2BF671C849909C846CA16A9A97B313FE BaseClass:/Game/CIGATotal/ConveyerBelt/BP_ConveyerBelt.BP_ConveyerBelt_C NativeClass:/Script/Engine.Actor Name:BP_ConveyerBelt_C_UAID_08BFB8C0262F020602_2080669183 Label:BP_ConveyerBelt SpatiallyLoaded:1 Bounds:IsValid=true, Min=(X=380.000 Y=2026.250 Z=2469.000), Max=(X=5899.750 Y=2417.000 Z=2533.000) RuntimeGrid:None EditorOnly:0 RuntimeOnly:0 HLODRelevant:0
 |   |   |- [+] [  5]
 |   |   |   |- Guid:CCFF262C46EEFFDF319E7F9539CE697E BaseClass: NativeClass:/Script/Engine.SkyAtmosphere Name:SkyAtmosphere_0 Label:SkyAtmosphere SpatiallyLoaded:0 Bounds:IsValid=true, Min=(X=0.000 Y=0.000 Z=1020.000), Max=(X=0.000 Y=0.000 Z=1020.000) RuntimeGrid:None EditorOnly:0 RuntimeOnly:0 HLODRelevant:0 FolderPath:Lighting FolderGuid:963EC3EB4002CCE9759E2EBA541A873A
 |   |   |- [+] [  6]
 |   |   |   |- Guid:EC4E0C944CE6AC6E784BC6BB2916EA13 BaseClass: NativeClass:/Script/Engine.StaticMeshActor Name:StaticMeshActor_UAID_A4AE111137DC5EFB00_1110535423 Label:SM_SkySphere SpatiallyLoaded:0 Bounds:IsValid=true, Min=(X=-1638400.000 Y=-1638010.000 Z=-1638400.000), Max=(X=1638400.000 Y=1638790.000 Z=1638400.000) RuntimeGrid:None EditorOnly:0 RuntimeOnly:0 HLODRelevant:1 FolderPath:Lighting FolderGuid:963EC3EB4002CCE9759E2EBA541A873A
 |   |   |- [+] [  7]
 |   |   |   |- Guid:DA6889E540172DCEA76BC1958FA181E1 BaseClass:/Game/CIGATotal/Obstacles/TESTObstacle/Knife.Knife_C NativeClass:/Script/Engine.Actor Name:Knife_C_UAID_DC462856FC83020602_1729589184 Label:Knife SpatiallyLoaded:1 Bounds:IsValid=true, Min=(X=1251.476 Y=1804.065 Z=3127.350), Max=(X=1988.086 Y=2526.155 Z=3586.381) RuntimeGrid:None EditorOnly:0 RuntimeOnly:0 HLODRelevant:0
 |   |   |- [+] [  8]
 |   |   |   |- Guid:30022D4F484EB0CF9667489FA1C1A9AB BaseClass: NativeClass:/Script/Engine.BlockingVolume Name:BlockingVolume_UAID_047C16AAE584020602_1965954184 Label:BlockingVolume2 SpatiallyLoaded:1 Bounds:IsValid=true, Min=(X=295.000 Y=-3475.000 Z=2290.000), Max=(X=3645.000 Y=-25.000 Z=2490.000) RuntimeGrid:None EditorOnly:0 RuntimeOnly:0 HLODRelevant:0
 |   |   |- [+] [  9]
 |   |   |   |- Guid:B785ED2844B84CFB91E7F39FE661CD99 BaseClass: NativeClass:/Script/Engine.DirectionalLight Name:DirectionalLight_0 Label:DirectionalLight SpatiallyLoaded:0 Bounds:IsValid=true, Min=(X=-1048576.000 Y=-1048576.000 Z=-1048576.000), Max=(X=1048576.000 Y=1048576.000 Z=1048576.000) RuntimeGrid:None EditorOnly:0 RuntimeOnly:0 HLODRelevant:0 FolderPath:Lighting FolderGuid:963EC3EB4002CCE9759E2EBA541A873A
 |   |   |- [+] [ 10]
 |   |   |   |- Guid:2C362DD448457E6A03AAD7BCB80C837F BaseClass:/Game/CIGATotal/Others/Water.Water_C NativeClass:/Script/Engine.Actor Name:Water_C_UAID_DC462856FC83480602_1780504507 Label:Water SpatiallyLoaded:1 Bounds:IsValid=true, Min=(X=1686.000 Y=500.000 Z=2445.000), Max=(X=3370.000 Y=1290.000 Z=2628.000) RuntimeGrid:None EditorOnly:0 RuntimeOnly:0 HLODRelevant:0
 |   |   |- [+] [ 11]
 |   |   |   |- Guid:6B8C1D194BD6E67BAC22768099663793 BaseClass:/Game/CIGATotal/Obstacles/BP_ObstalcesSpawner.BP_ObstalcesSpawner_C NativeClass:/Script/Engine.Actor Name:BP_ObstalcesSpawner_C_UAID_DC462856FC83380602_2125081687 Label:BP_ObstalcesSpawner SpatiallyLoaded:1 Bounds:IsValid=true, Min=(X=1380.000 Y=1220.000 Z=2990.000), Max=(X=1380.000 Y=1220.000 Z=2990.000) RuntimeGrid:None EditorOnly:0 RuntimeOnly:0 HLODRelevant:0
 |   |   |- [+] [ 12]
 |   |   |   |- Guid:B2F2C2294A1930F038576ABA60293A52 BaseClass:/Game/CIGATotal/Others/Destination.Destination_C NativeClass:/Script/Engine.Actor Name:Destination_C_UAID_DC462856FC83EB0502_1924010137 Label:Destination SpatiallyLoaded:1 Bounds:IsValid=true, Min=(X=2687.500 Y=2497.500 Z=2252.000), Max=(X=3212.500 Y=3022.500 Z=2588.000) RuntimeGrid:None EditorOnly:0 RuntimeOnly:0 HLODRelevant:0
 |   |   |- [+] [ 13]
 |   |   |   |- Guid:316CF2A6494ACA4C0E4180A87D36AB8F BaseClass: NativeClass:/Script/Engine.ExponentialHeightFog Name:ExponentialHeightFog_0 Label:ExponentialHeightFog SpatiallyLoaded:0 Bounds:IsValid=true, Min=(X=-5600.000 Y=-50.000 Z=-6850.000), Max=(X=-5600.000 Y=-50.000 Z=-6850.000) RuntimeGrid:None EditorOnly:0 RuntimeOnly:0 HLODRelevant:0 FolderPath:Lighting FolderGuid:963EC3EB4002CCE9759E2EBA541A873A
 |   |   |- [+] [ 14]
 |   |   |   |- Guid:1F7402D845B79BFB100F12A957FB1FE6 BaseClass:/Game/CIGATotal/BP_LevelManager.BP_LevelManager_C NativeClass:/Script/Engine.Actor Name:BP_LevelManager_C_UAID_4CD71744A1AFF00502_1085249017 Label:BP_LevelManager SpatiallyLoaded:1 Bounds:IsValid=true, Min=(X=3220.000 Y=3020.000 Z=4250.000), Max=(X=3220.000 Y=3020.000 Z=4250.000) RuntimeGrid:None EditorOnly:0 RuntimeOnly:0 HLODRelevant:0
 |   |   |- [+] [ 15]
 |   |   |   |- Guid:6F82F2E14C06FAFFAB9485B85E8689BE BaseClass:/Game/CIGATotal/Item/BP_FoodSpawner.BP_FoodSpawner_C NativeClass:/Script/Engine.Actor Name:BP_FoodSpawner_C_UAID_047C16AAE584ED0502_1191224487 Label:BP_FoodSpawner SpatiallyLoaded:1 Bounds:IsValid=true, Min=(X=900.000 Y=2860.000 Z=2620.000), Max=(X=900.000 Y=2860.000 Z=2620.000) RuntimeGrid:None EditorOnly:0 RuntimeOnly:0 HLODRelevant:0
 |   |   |- [+] [ 16]
 |   |   |   |- Guid:3F6D3C6B4706C1CFE536AC8A4CAB2F80 BaseClass:/Game/CIGATotal/Item/BP_FoodSpawner.BP_FoodSpawner_C NativeClass:/Script/Engine.Actor Name:BP_FoodSpawner_C_UAID_4CD71744A1AFEE0502_1360925663 Label:BP_FoodSpawner2 SpatiallyLoaded:1 Bounds:IsValid=true, Min=(X=1370.000 Y=2860.000 Z=2620.000), Max=(X=1370.000 Y=2860.000 Z=2620.000) RuntimeGrid:None EditorOnly:0 RuntimeOnly:0 HLODRelevant:0
 |   |   |- [+] [ 17]
 |   |   |   |- Guid:D6F3987E4BB42BA2672D7A8F48A1DB71 BaseClass:/Game/CIGATotal/ConveyerBelt/BP_ConveyerBelt.BP_ConveyerBelt_C NativeClass:/Script/Engine.Actor Name:BP_ConveyerBelt_C_UAID_08BFB8C0262F040602_1083429536 Label:BP_ConveyerBelt2 SpatiallyLoaded:1 Bounds:IsValid=true, Min=(X=-500.000 Y=1386.250 Z=2488.000), Max=(X=5019.750 Y=1777.000 Z=2552.000) RuntimeGrid:None EditorOnly:0 RuntimeOnly:0 HLODRelevant:0
 |   |   |- [+] [ 18]
 |   |   |   |- Guid:2FB58999456391D349DC0F86DAC136ED BaseClass: NativeClass:/Script/Engine.SkyLight Name:SkyLight_1 Label:SkyLight SpatiallyLoaded:0 Bounds:IsValid=true, Min=(X=0.000 Y=0.000 Z=690.000), Max=(X=0.000 Y=0.000 Z=690.000) RuntimeGrid:None EditorOnly:0 RuntimeOnly:0 HLODRelevant:0 FolderPath:Lighting FolderGuid:963EC3EB4002CCE9759E2EBA541A873A
 |   |   |- [+] [ 19]
 |   |   |   |- Guid:0AB9032C453FF1584DA18A8266591147 BaseClass: NativeClass:/Script/Paper2D.PaperTileMapActor Name:PaperTileMapActor_UAID_047C16AAE584E60502_1982033255 Label:MAPTEST SpatiallyLoaded:1 Bounds:IsValid=true, Min=(X=384.000 Y=376.000 Z=2408.000), Max=(X=3584.000 Y=3576.000 Z=2412.000) RuntimeGrid:None EditorOnly:0 RuntimeOnly:0 HLODRelevant:0
 |   |   |- [+] [ 20]
 |   |   |   |- Guid:7D5665954620BFF2FEE3CD9FCB7181B7 BaseClass: NativeClass:/Script/Paper2D.PaperTileMapActor Name:PaperTileMapActor_UAID_047C16AAE584020602_1939687183 Label:MAP2TEST SpatiallyLoaded:1 Bounds:IsValid=true, Min=(X=760.000 Y=-2970.000 Z=2426.000), Max=(X=2920.000 Y=-370.000 Z=2434.000) RuntimeGrid:None EditorOnly:0 RuntimeOnly:0 HLODRelevant:0
 |   |   |- [+] [ 21]
 |   |   |   |- Guid:FB0ED8084B928916822BBF9DE86F0D68 BaseClass:/Game/CIGATotal/Map/TestUseMap/Board.Board_C NativeClass:/Script/Engine.Actor Name:Board_C_UAID_047C16AAE584050602_1188607711 Label:Board SpatiallyLoaded:1 Bounds:IsValid=true, Min=(X=777.500 Y=2887.500 Z=2400.000), Max=(X=1282.500 Y=3392.500 Z=2565.000) RuntimeGrid:None EditorOnly:0 RuntimeOnly:0 HLODRelevant:0
 |   |   |- [+] [ 22]
 |   |   |   |- Guid:3C3BEF104124DE7A48C1BAB3D1C94735 BaseClass: NativeClass:/Script/Engine.BlockingVolume Name:BlockingVolume_UAID_047C16AAE584E60502_2034984256 Label:BlockingVolume SpatiallyLoaded:1 Bounds:IsValid=true, Min=(X=295.000 Y=275.000 Z=2290.000), Max=(X=3645.000 Y=3725.000 Z=2490.000) RuntimeGrid:None EditorOnly:0 RuntimeOnly:0 HLODRelevant:0
 |   |   |- [+] [ 23]
 |   |   |   |- Guid:3A00AA1C422CE54C0BDB60BAF471BFBB BaseClass: NativeClass:/Script/Engine.PlayerStart Name:PlayerStart_0 Label:PlayerStart SpatiallyLoaded:0 Bounds:IsValid=true, Min=(X=1950.000 Y=1480.000 Z=2860.013), Max=(X=2030.000 Y=1560.000 Z=3044.013) RuntimeGrid:None EditorOnly:0 RuntimeOnly:0 HLODRelevant:0
 |   |   |- [+] [ 24]
 |   |   |   |- Guid:F5C89E184274BA7521FC4BBCC8856AA2 BaseClass:/Game/CIGATotal/Obstacles/TESTObstacle/Plate.Plate_C NativeClass:/Script/Engine.Actor Name:Plate_C_UAID_DC462856FC83500602_1623935913 Label:Plate SpatiallyLoaded:1 Bounds:IsValid=true, Min=(X=1020.000 Y=1696.000 Z=3132.000), Max=(X=1981.000 Y=1824.000 Z=3616.000) RuntimeGrid:None EditorOnly:0 RuntimeOnly:0 HLODRelevant:0
 |   |   |- [+] [ 25]
 |   |   |   |- Guid:B930AFBA48852BD846C5B9A8AC80FC39 BaseClass:/Game/CIGATotal/Obstacles/TESTObstacle/Cup.Cup_C NativeClass:/Script/Engine.Actor Name:Cup_C_UAID_DC462856FC83500602_1632813914 Label:Cup SpatiallyLoaded:1 Bounds:IsValid=true, Min=(X=1557.000 Y=1405.000 Z=3437.000), Max=(X=2359.000 Y=1415.000 Z=4065.000) RuntimeGrid:None EditorOnly:0 RuntimeOnly:0 HLODRelevant:0
 |- ContainerInstances:
 |- [+] MainContainer:
 |   |-        ID: 0x0000000000000000
 |   |-    Bounds: IsValid=false, Min=(X=0.000 Y=0.000 Z=0.000), Max=(X=0.000 Y=0.000 Z=0.000)
 |   |- Transform: 0.000000,0.000000,0.000000|0.000000,0.000000,-0.000000|1.000000,1.000000,1.000000
 |   |- Container: /Game/ThirdPerson/Maps/ThirdPersonMap
----------------------------------------------------------------------------------------------------------------
ThirdPersonMap - Persistent Level
----------------------------------------------------------------------------------------------------------------
Always loaded Actor Count: 42 

----------------------------------------------------------------------------------------------------------------
ThirdPersonMap - Runtime Spatial Hash - Streaming Grid - MainGrid
----------------------------------------------------------------------------------------------------------------
            Origin: X=0.000 Y=0.000 Z=0.000
         Cell Size: 12800
      World Bounds: IsValid=false, Min=(X=0.000 Y=0.000 Z=0.000), Max=(X=0.000 Y=0.000 Z=0.000)
     Loading Range: 25600.00
Block Slow Loading: No
 ClientOnlyVisible: No

[+] Grid Levels: 1
 |- Level  0: Cell Count    0 | Cell Size   12800 | Actor Count    0 (0.0%)

[+] Content of Grid Level 0

